<?xml version="1.0" encoding="UTF-8"?>
<!-- Generated by org.testng.reporters.JUnitReportReporter -->
<testsuite skipped="0" hostname="devicepassdeMac-mini-2.local" name="scripts.com.ibm.automation.mobileAuto" tests="1" failures="0" timestamp="12 五月 2018 10:53:54 GMT" time="10.770" errors="0">
  <testcase name="mobileTestDemo" time="10.770" classname="scripts.com.ibm.automation.mobileAuto"/>
</testsuite> <!-- scripts.com.ibm.automation.mobileAuto -->
