<?xml version="1.0" encoding="UTF-8"?>
<!-- Generated by org.testng.reporters.JUnitReportReporter -->
<testsuite skipped="1" hostname="devicepassdeMac-mini-2.local" name="com.ibm.automation.mobileAuto" tests="2" failures="0" timestamp="12 五月 2018 04:32:07 GMT" time="0.178" errors="1">
  <testcase name="setUp" time="0.178" classname="com.ibm.automation.mobileAuto">
    <error type="java.lang.NoSuchMethodError" message="com.google.common.base.Platform.stringIsNullOrEmpty(Ljava/lang/String;)Z">
      <![CDATA[java.lang.NoSuchMethodError: com.google.common.base.Platform.stringIsNullOrEmpty(Ljava/lang/String;)Z
at com.google.common.base.Strings.isNullOrEmpty(Strings.java:67)
at org.openqa.selenium.remote.internal.OkHttpClient$Factory.createClient(OkHttpClient.java:150)
at org.openqa.selenium.remote.HttpCommandExecutor.<init>(HttpCommandExecutor.java:89)
at io.appium.java_client.remote.AppiumCommandExecutor.<init>(AppiumCommandExecutor.java:56)
at io.appium.java_client.remote.AppiumCommandExecutor.<init>(AppiumCommandExecutor.java:67)
at io.appium.java_client.remote.AppiumCommandExecutor.<init>(AppiumCommandExecutor.java:73)
at io.appium.java_client.AppiumDriver.<init>(AppiumDriver.java:93)
at io.appium.java_client.ios.IOSDriver.<init>(IOSDriver.java:82)
at com.mtf.ibm.init.IOSInit.launchRealApp(IOSInit.java:74)
at com.ibm.automation.mobileAuto.setUp(mobileAuto.java:52)
at sun.reflect.NativeMethodAccessorImpl.invoke0(Native Method)
at sun.reflect.NativeMethodAccessorImpl.invoke(NativeMethodAccessorImpl.java:62)
at sun.reflect.DelegatingMethodAccessorImpl.invoke(DelegatingMethodAccessorImpl.java:43)
at java.lang.reflect.Method.invoke(Method.java:498)
at org.testng.internal.MethodInvocationHelper.invokeMethod(MethodInvocationHelper.java:124)
at org.testng.internal.MethodInvocationHelper.invokeMethodConsideringTimeout(MethodInvocationHelper.java:59)
at org.testng.internal.Invoker.invokeConfigurationMethod(Invoker.java:455)
at org.testng.internal.Invoker.invokeConfigurations(Invoker.java:222)
at org.testng.internal.Invoker.invokeConfigurations(Invoker.java:142)
at org.testng.TestRunner.beforeRun(TestRunner.java:529)
at org.testng.TestRunner.run(TestRunner.java:497)
at org.testng.SuiteRunner.runTest(SuiteRunner.java:455)
at org.testng.SuiteRunner.runSequentially(SuiteRunner.java:450)
at org.testng.SuiteRunner.privateRun(SuiteRunner.java:415)
at org.testng.SuiteRunner.run(SuiteRunner.java:364)
at org.testng.SuiteRunnerWorker.runSuite(SuiteRunnerWorker.java:52)
at org.testng.SuiteRunnerWorker.run(SuiteRunnerWorker.java:84)
at org.testng.TestNG.runSuitesSequentially(TestNG.java:1208)
at org.testng.TestNG.runSuitesLocally(TestNG.java:1137)
at org.testng.TestNG.runSuites(TestNG.java:1049)
at org.testng.TestNG.run(TestNG.java:1017)
at org.testng.remote.AbstractRemoteTestNG.run(AbstractRemoteTestNG.java:114)
at org.testng.remote.RemoteTestNG.initAndRun(RemoteTestNG.java:251)
at org.testng.remote.RemoteTestNG.main(RemoteTestNG.java:77)
]]>
    </error>
  </testcase> <!-- setUp -->
  <testcase name="mobileTestDemo" time="0.000" classname="com.ibm.automation.mobileAuto">
    <skipped/>
  </testcase> <!-- mobileTestDemo -->
</testsuite> <!-- com.ibm.automation.mobileAuto -->
